[2026-04-01 21:00:00] Starting Notion sync for 2026-03-31
/Users/home/life/scripts/notion-cron-sync.sh: line 14: bun: command not found
[2026-04-02 21:00:00] Starting Notion sync for 2026-04-01
planning/events/2026-04-01.md [events]:
  ADD: ⬜ 13:00-14:00 Meet up with Jayce
aspects/diet/events/2026-04-01.md [meals]:
  ADD: ⬜ 11:30-12:30 豚こまと玉ねぎの焼肉炒め + 玄米

Done! Added: 2, Updated: 0, Kept: 0

Syncing local events → Notion...
  Syncing 1 event(s) from 2026-04-01 → Notion [events]...
  
  Done! Created: 0, Updated: 0, Skipped: 1
  Syncing 1 event(s) from 2026-04-01 → Notion [meals]...
  
  Done! Created: 0, Updated: 0, Skipped: 1
Warning: bd command not found, skipping pre-commit flush
[main 7ab872d] chore: sync from notion 2026-04-01
 23 files changed, 792 insertions(+), 77 deletions(-)
 create mode 100644 aspects/devotions/2026-04-01.md
 create mode 100644 aspects/devotions/2026-04-02.md
 delete mode 100644 aspects/devotions/temp/.gitkeep
 delete mode 100644 aspects/devotions/temp/TEMPLATE.md
 create mode 100644 aspects/diet/events/2026-04-01.md
 delete mode 100644 aspects/diet/expenses.md
 create mode 100644 aspects/gym/logs/2026-03-27.md
 create mode 100644 aspects/gym/logs/2026-03-31.md
 create mode 100644 aspects/gym/logs/2026-04-01.md
 create mode 100644 aspects/job/search/docs/interviews/coinmiles-gift-card.md
 create mode 100644 aspects/job/search/docs/interviews/freee-eks-migration.md
 create mode 100644 aspects/job/search/docs/interviews/freee-elearning.md
 create mode 100644 aspects/job/search/docs/interviews/groundtruth-recommendation.md
 create mode 100644 aspects/study/interview-prep/notes/2026-04-02-1.md
 create mode 100644 logs/notion-cron.log
 create mode 100644 planning/events/2026-04-01.md
Committed.
[2026-04-02 21:00:07] Done.
